<?xml version="1.0" encoding="UTF-8"?>
<!-- Generated by org.testng.reporters.JUnitXMLReporter -->
<testsuite hostname="2016-20170725SS" ignored="1" name="Default test" tests="1" failures="0" timestamp="01 三月 2018 04:09:07 GMT" time="54.581" errors="0">
  <testcase name="selectItemFromDropDownList" time="48.539" classname="practiceFive.testCase"/>
  <testcase name="changeiFrame" time="0.0" classname="practiceFive.testCase">
    <ignored/>
  </testcase> <!-- changeiFrame -->
</testsuite> <!-- Default test -->
