<?xml version="1.0" encoding="UTF-8"?>
<testng-results skipped="0" failed="0" ignored="1" total="2" passed="1">
  <reporter-output>
  </reporter-output>
  <suite name="Default suite" duration-ms="54581" started-at="2018-03-01T04:08:12Z" finished-at="2018-03-01T04:09:07Z">
    <groups>
    </groups>
    <test name="Default test" duration-ms="54581" started-at="2018-03-01T04:08:12Z" finished-at="2018-03-01T04:09:07Z">
      <class name="practiceFive.testCase">
        <test-method status="PASS" signature="inital()[pri:0, instance:practiceFive.testCase@51565ec2]" name="inital" is-config="true" duration-ms="5099" started-at="2018-03-01T12:08:12Z" finished-at="2018-03-01T12:08:17Z">
          <reporter-output>
          </reporter-output>
        </test-method> <!-- inital -->
        <test-method status="PASS" signature="selectItemFromDropDownList()[pri:0, instance:practiceFive.testCase@51565ec2]" name="selectItemFromDropDownList" duration-ms="48539" started-at="2018-03-01T12:08:17Z" finished-at="2018-03-01T12:09:06Z">
          <reporter-output>
          </reporter-output>
        </test-method> <!-- selectItemFromDropDownList -->
        <test-method status="PASS" signature="release()[pri:0, instance:practiceFive.testCase@51565ec2]" name="release" is-config="true" duration-ms="930" started-at="2018-03-01T12:09:06Z" finished-at="2018-03-01T12:09:07Z">
          <reporter-output>
          </reporter-output>
        </test-method> <!-- release -->
      </class> <!-- practiceFive.testCase -->
    </test> <!-- Default test -->
  </suite> <!-- Default suite -->
</testng-results>
